<?xml version="1.0" encoding="UTF-8"?>
<!-- Generated by org.testng.reporters.JUnitReportReporter -->
<testsuite skipped="0" hostname="NZWGTNLP54" name="end2endframework.LoginPageTest" tests="1" failures="0" timestamp="2020-02-28T15:25:44 NZDT" time="23.797" errors="0">
  <testcase name="VerifyLogin" time="23.797" classname="end2endframework.LoginPageTest"/>
  <system-out/>
</testsuite> <!-- end2endframework.LoginPageTest -->
