<?xml version="1.0" encoding="UTF-8"?>
<!-- Generated by org.testng.reporters.JUnitReportReporter -->
<testsuite skipped="0" hostname="NZWGTNLP54" name="end2endframework.AutoPractiseHomeTest" tests="1" failures="0" timestamp="2020-02-28T15:25:44 NZDT" time="11.048" errors="0">
  <testcase name="openAutomationHomePage" time="11.048" classname="end2endframework.AutoPractiseHomeTest"/>
  <system-out/>
</testsuite> <!-- end2endframework.AutoPractiseHomeTest -->
