<?xml version="1.0" encoding="UTF-8"?>
<!-- Generated by org.testng.reporters.JUnitReportReporter -->
<testsuite skipped="0" hostname="NZWGTNLP54" name="end2endframework.HomePageTest" tests="2" failures="0" timestamp="2020-03-03T11:22:27 NZDT" time="25.718" errors="0">
  <testcase name="openhomepage" time="8.370" classname="end2endframework.HomePageTest"/>
  <system-out/>
  <testcase name="openhomepage" time="17.348" classname="end2endframework.HomePageTest"/>
  <system-out/>
</testsuite> <!-- end2endframework.HomePageTest -->
