<?xml version="1.0" encoding="UTF-8"?>
<!-- Generated by org.testng.reporters.JUnitReportReporter -->
<testsuite skipped="0" hostname="NZWGTNLP54" name="end2endframework.LoginPageTest" tests="1" failures="0" timestamp="2020-03-03T11:22:27 NZDT" time="19.159" errors="0">
  <testcase name="VerifyLogin" time="19.159" classname="end2endframework.LoginPageTest"/>
  <system-out/>
</testsuite> <!-- end2endframework.LoginPageTest -->
